<?xml version="1.0" encoding="UTF-8"?>
<!-- Generated by org.testng.reporters.JUnitReportReporter -->
<testsuite hostname="Aces-MacBook-Pro.local" failures="0" tests="1" name="AdminTabTest.AdminHomeTest" time="15.888" errors="0" timestamp="17 Jun 2018 23:27:32 GMT" skipped="0">
  <testcase classname="AdminTabTest.AdminHomeTest" name="clickOnSignInButton" time="15.888"/>
</testsuite> <!-- AdminTabTest.AdminHomeTest -->
